{"content": {"suites": {"0": {"status": {"total_pass": 0, "total_skip": 0, "total_xpass": 0, "total_xfail": 0, "total_rerun": 0, "total_fail": 1, "total_error": 0}, "tests": {"0": {"status": "FAIL", "message": "   selenium.common.exceptions.TimeoutException: Message: \n   Stacktrace:\n   NoSuchElementError: An element could not be located on the page using the given search parameters.\n       at AndroidUiautomator2Driver.findElOrEls (/Users/susannakarapetyan/.appium/node_modules/appium-uiautomator2-driver/node_modules/appium-android-driver/lib/commands/find.ts:86:11)\n       at processTicksAndRejections (node:internal/process/task_queues:105:5)\n       at AndroidUiautomator2Driver.findElOrElsWithProcessing (/usr/local/lib/node_modules/appium/node_modules/@appium/base-driver/lib/basedriver/commands/find.ts:60:12)\n       at AndroidUiautomator2Driver.findElement (/usr/local/lib/node_modules/appium/node_modules/@appium/base-driver/lib/basedriver/commands/find.ts:75:12)\n       AssertionError: \u274c Element ('xpath', \"//android.widget.ImageView[@resource-id='com.gapinternational.genius.qa:id/startActionImage']\") is not visible!\n", "test_name": "test_all_elements_have_appropriate_texts", "rerun": "0"}}, "suite_name": "tests/Genius_Meter/create_genius_team_UI_tests.py"}}}, "date": "March 20, 2025", "start_time": 1742479170.9055119, "total_suite": 1, "status": "FAIL", "status_list": {"pass": "0", "fail": "1", "skip": "0", "error": "0", "xpass": "0", "xfail": "0", "rerun": "0"}, "total_tests": "1"}