{"content": {"suites": {"0": {"status": {"total_pass": 0, "total_skip": 0, "total_xpass": 0, "total_xfail": 0, "total_rerun": 0, "total_fail": 1, "total_error": 0}, "tests": {"0": {"status": "FAIL", "message": "   selenium.common.exceptions.TimeoutException: Message:\n       AssertionError: \u274c Create a team was not clickable.\n", "test_name": "test_all_elements_have_appropriate_texts", "rerun": "0"}}, "suite_name": "tests/Genius_Meter/create_genius_team_UI_tests.py"}}}, "date": "March 20, 2025", "start_time": 1742487917.909271, "total_suite": 1, "status": "FAIL", "status_list": {"pass": "0", "fail": "1", "skip": "0", "error": "0", "xpass": "0", "xfail": "0", "rerun": "0"}, "total_tests": "1"}