{"content": {"suites": {"0": {"status": {"total_pass": 0, "total_skip": 0, "total_xpass": 0, "total_xfail": 0, "total_rerun": 0, "total_fail": 1, "total_error": 0}, "tests": {"0": {"status": "FAIL", "message": "   selenium.common.exceptions.TimeoutException: Message: \n   Stacktrace:\n   NoSuchElementError: An element could not be located on the page using the given search parameters.\n       at XCUITestDriver.doNativeFind (/Users/susannakarapetyan/.appium/node_modules/appium-xcuitest-driver/lib/commands/find.js:143:13)\n       at processTicksAndRejections (node:internal/process/task_queues:105:5)\n       at XCUITestDriver.findNativeElementOrElements (/Users/susannakarapetyan/.appium/node_modules/appium-xcuitest-driver/lib/commands/find.js:97:12)\n       at XCUITestDriver.findElOrEls (/Users/susannakarapetyan/.appium/node_modules/appium-xcuitest-driver/lib/commands/find.js:24:14)\n       at XCUITestDriver.findElOrElsWithProcessing (/usr/local/lib/node_modules/appium/node_modules/@appium/base-driver/lib/basedriver/commands/find.ts:60:12)\n       at XCUITestDriver.findElement (/usr/local/lib/node_modules/appium/node_modules/@appium/base-driver/lib/basedriver/commands/find.ts:75:12)\n       AssertionError: \u274c Element ('-ios predicate string', '\"label == \"?\" AND name == \"?\" AND value == \"?\"') is not visible!\n", "test_name": "test_all_elements_have_appropriate_texts", "rerun": "0"}}, "suite_name": "tests/Genius_Meter/create_genius_team_UI_tests.py"}}}, "date": "March 20, 2025", "start_time": 1742486530.011706, "total_suite": 1, "status": "FAIL", "status_list": {"pass": "0", "fail": "1", "skip": "0", "error": "0", "xpass": "0", "xfail": "0", "rerun": "0"}, "total_tests": "1"}