{"name": "test_create_GM_team_successfully", "status": "broken", "statusDetails": {"message": "selenium.common.exceptions.InvalidElementStateException: Message: Error Domain=com.facebook.WebDriverAgent Code=1 \"Did not know how to dismiss the keyboard. Try to dismiss it in the way supported by your application under test.\" UserInfo={NSLocalizedDescription=Did not know how to dismiss the keyboard. Try to dismiss it in the way supported by your application under test.}\nStacktrace:\nInvalidElementStateError: Error Domain=com.facebook.WebDriverAgent Code=1 \"Did not know how to dismiss the keyboard. Try to dismiss it in the way supported by your application under test.\" UserInfo={NSLocalizedDescription=Did not know how to dismiss the keyboard. Try to dismiss it in the way supported by your application under test.}\n    at errorFromW3CJsonCode (/Users/susannakarapetyan/.appium/node_modules/appium-xcuitest-driver/node_modules/@appium/base-driver/lib/protocol/errors.js:1110:25)\n    at ProxyRequestError.getActualError (/Users/susannakarapetyan/.appium/node_modules/appium-xcuitest-driver/node_modules/@appium/base-driver/lib/protocol/errors.js:979:14)\n    at JWProxy.command (/Users/susannakarapetyan/.appium/node_modules/appium-xcuitest-driver/node_modules/@appium/base-driver/lib/jsonwp-proxy/proxy.js:351:19)\n    at processTicksAndRejections (node:internal/process/task_queues:105:5)\n    at XCUITestDriver.proxyCommand (/Users/susannakarapetyan/.appium/node_modules/appium-xcuitest-driver/lib/commands/proxy-helper.js:103:35)\n    at XCUITestDriver.mobileHideKeyboard (/Users/susannakarapetyan/.appium/node_modules/appium-xcuitest-driver/lib/commands/keyboard.js:23:5)\n    at XCUITestDriver.executeMethod (/usr/local/lib/node_modules/appium/node_modules/@appium/base-driver/lib/basedriver/commands/execute.ts:61:12)\n    at XCUITestDriver.execute (/Users/susannakarapetyan/.appium/node_modules/appium-xcuitest-driver/lib/commands/execute.js:117:14)", "trace": "self = <mobile_automation_framework.tests.Genius_Meter.create_GM_team.create_genius_team_successfully_tests.TestCreateGMTeamSuccessfully object at 0x7fa1e37f2e50>\n\n    @pytest.mark.run\n    def test_create_GM_team_successfully(self):\n        self.dashboard_page.click_gm_tab()\n        self.gm_page.scroll_GM_screen_to_bottom()\n        time.sleep(5)\n        self.gm_page.click_create_team_tab()\n        self.create_GM_screen.assert_create_team_screen_is_visible()\n        time.sleep(3)\n    \n        # ✅ Generate test data here once\n        data = GM_data.get_random_create_GM_screen_data()\n    \n        # ✅ Pass it to both fill and assert\n        self.create_GM_screen.fill_create_GM_team_fields(data)\n        # self.create_GM_screen.assert_create_GM_fields_filled_correctly(data)\n        self.create_GM_screen.click_on_submit_btn()\n        self.create_GM_Invite_Members_screen_ios.click_add_members_button()\n        username = self.GM_Invite_find_people_screen_ios.search_user_from_list(\"susanna\")\n>       self.driver.hide_keyboard()\n\ntests/Genius_Meter/create_GM_team/create_genius_team_successfully_tests.py:75: \n_ _ _ _ _ _ _ _ _ _ _ _ _ _ _ _ _ _ _ _ _ _ _ _ _ _ _ _ _ _ _ _ _ _ _ _ _ _ _ _ _ _ _ _ _ _ _ _ _ _ _ _ _ _ _ _ _ _ _ _ _ _ _ _ _ _ _ _ _ _ _ _ _ _ _ _ _ _ _ _ _ _ _ _ _ _ _ _\n../../Library/Python/3.8/lib/python/site-packages/appium/webdriver/extensions/keyboard.py:44: in hide_keyboard\n    self.assert_extension_exists(ext_name).execute_script(\n../../Library/Python/3.8/lib/python/site-packages/selenium/webdriver/remote/webdriver.py:444: in execute_script\n    return self.execute(command, {\"script\": script, \"args\": converted_args})[\"value\"]\n../../Library/Python/3.8/lib/python/site-packages/selenium/webdriver/remote/webdriver.py:384: in execute\n    self.error_handler.check_response(response)\n_ _ _ _ _ _ _ _ _ _ _ _ _ _ _ _ _ _ _ _ _ _ _ _ _ _ _ _ _ _ _ _ _ _ _ _ _ _ _ _ _ _ _ _ _ _ _ _ _ _ _ _ _ _ _ _ _ _ _ _ _ _ _ _ _ _ _ _ _ _ _ _ _ _ _ _ _ _ _ _ _ _ _ _ _ _ _ _\n\nself = <appium.webdriver.errorhandler.MobileErrorHandler object at 0x7fa1e38a8c40>\nresponse = {'status': 400, 'value': '{\"value\":{\"error\":\"invalid element state\",\"message\":\"Error Domain=com.facebook.WebDriverAgen...iver.execute (/Users/susannakarapetyan/.appium/node_modules/appium-xcuitest-driver/lib/commands/execute.js:117:14)\"}}'}\n\n    def check_response(self, response: Dict[str, Any]) -> None:\n        \"\"\"\n        https://www.w3.org/TR/webdriver/#errors\n        \"\"\"\n        payload = response.get('value', '')\n        if isinstance(payload, dict):\n            payload_dict = payload\n        else:\n            try:\n                payload_dict = json.loads(payload)\n            except (json.JSONDecodeError, TypeError):\n                return\n            if not isinstance(payload_dict, dict):\n                return\n        value = payload_dict.get('value')\n        if not isinstance(value, dict):\n            return\n        error = value.get('error')\n        if not error:\n            return\n    \n        message = value.get('message', error)\n        stacktrace = value.get('stacktrace', '')\n        # In theory, we should also be checking HTTP status codes.\n        # Java client, for example, prints a warning if the actual `error`\n        # value does not match to the response's HTTP status code.\n        exception_class: Type[sel_exceptions.WebDriverException] = ERROR_TO_EXC_MAPPING.get(\n            error, sel_exceptions.WebDriverException\n        )\n        if exception_class is sel_exceptions.WebDriverException and message:\n            if message == 'No such context found.':\n                exception_class = appium_exceptions.NoSuchContextException\n            elif message == 'That command could not be executed in the current context.':\n                exception_class = appium_exceptions.InvalidSwitchToTargetException\n    \n        if exception_class is sel_exceptions.UnexpectedAlertPresentException:\n            raise sel_exceptions.UnexpectedAlertPresentException(\n                msg=message,\n                stacktrace=format_stacktrace(stacktrace),\n                alert_text=value.get('data'),\n            )\n>       raise exception_class(msg=message, stacktrace=format_stacktrace(stacktrace))\nE       selenium.common.exceptions.InvalidElementStateException: Message: Error Domain=com.facebook.WebDriverAgent Code=1 \"Did not know how to dismiss the keyboard. Try to dismiss it in the way supported by your application under test.\" UserInfo={NSLocalizedDescription=Did not know how to dismiss the keyboard. Try to dismiss it in the way supported by your application under test.}\nE       Stacktrace:\nE       InvalidElementStateError: Error Domain=com.facebook.WebDriverAgent Code=1 \"Did not know how to dismiss the keyboard. Try to dismiss it in the way supported by your application under test.\" UserInfo={NSLocalizedDescription=Did not know how to dismiss the keyboard. Try to dismiss it in the way supported by your application under test.}\nE           at errorFromW3CJsonCode (/Users/susannakarapetyan/.appium/node_modules/appium-xcuitest-driver/node_modules/@appium/base-driver/lib/protocol/errors.js:1110:25)\nE           at ProxyRequestError.getActualError (/Users/susannakarapetyan/.appium/node_modules/appium-xcuitest-driver/node_modules/@appium/base-driver/lib/protocol/errors.js:979:14)\nE           at JWProxy.command (/Users/susannakarapetyan/.appium/node_modules/appium-xcuitest-driver/node_modules/@appium/base-driver/lib/jsonwp-proxy/proxy.js:351:19)\nE           at processTicksAndRejections (node:internal/process/task_queues:105:5)\nE           at XCUITestDriver.proxyCommand (/Users/susannakarapetyan/.appium/node_modules/appium-xcuitest-driver/lib/commands/proxy-helper.js:103:35)\nE           at XCUITestDriver.mobileHideKeyboard (/Users/susannakarapetyan/.appium/node_modules/appium-xcuitest-driver/lib/commands/keyboard.js:23:5)\nE           at XCUITestDriver.executeMethod (/usr/local/lib/node_modules/appium/node_modules/@appium/base-driver/lib/basedriver/commands/execute.ts:61:12)\nE           at XCUITestDriver.execute (/Users/susannakarapetyan/.appium/node_modules/appium-xcuitest-driver/lib/commands/execute.js:117:14)\n\n../../Library/Python/3.8/lib/python/site-packages/appium/webdriver/errorhandler.py:125: InvalidElementStateException"}, "attachments": [{"name": "Failure Screenshot", "source": "1502a678-ff1c-4be5-bfea-f80f8b48d7da-attachment.png", "type": "image/png"}, {"name": "log", "source": "dcc9eee6-9e19-4767-a868-21f1f0116f73-attachment.txt", "type": "text/plain"}], "start": 1746800149343, "stop": 1746800278985, "uuid": "2bcc23c1-426e-4a54-8a0c-5f317525547d", "historyId": "8c0331183bb9ad1cb7589b789b473b8f", "testCaseId": "8c0331183bb9ad1cb7589b789b473b8f", "fullName": "tests.Genius_Meter.create_GM_team.create_genius_team_successfully_tests.TestCreateGMTeamSuccessfully#test_create_GM_team_successfully", "labels": [{"name": "tag", "value": "run"}, {"name": "tag", "value": "@pytest.mark.usefixtures('driver')"}, {"name": "parentSuite", "value": "tests.Genius_Meter.create_GM_team"}, {"name": "suite", "value": "create_genius_team_successfully_tests"}, {"name": "subSuite", "value": "TestCreateGMTeamSuccessfully"}, {"name": "host", "value": "Susiks-MacBook-Pro.local"}, {"name": "thread", "value": "12733-MainThread"}, {"name": "framework", "value": "pytest"}, {"name": "language", "value": "cpython3"}, {"name": "package", "value": "tests.Genius_Meter.create_GM_team.create_genius_team_successfully_tests"}]}