{"name": "test_create_GM_team_successfully", "status": "broken", "statusDetails": {"message": "selenium.common.exceptions.TimeoutException: Message: \nStacktrace:\nNoSuchElementError: An element could not be located on the page using the given search parameters.\n    at XCUITestDriver.doNativeFind (/Users/susannakarapetyan/.appium/node_modules/appium-xcuitest-driver/lib/commands/find.js:143:13)\n    at processTicksAndRejections (node:internal/process/task_queues:105:5)\n    at XCUITestDriver.findNativeElementOrElements (/Users/susannakarapetyan/.appium/node_modules/appium-xcuitest-driver/lib/commands/find.js:97:12)\n    at XCUITestDriver.findElOrEls (/Users/susannakarapetyan/.appium/node_modules/appium-xcuitest-driver/lib/commands/find.js:24:14)\n    at XCUITestDriver.findElOrElsWithProcessing (/usr/local/lib/node_modules/appium/node_modules/@appium/base-driver/lib/basedriver/commands/find.ts:60:12)\n    at XCUITestDriver.findElement (/usr/local/lib/node_modules/appium/node_modules/@appium/base-driver/lib/basedriver/commands/find.ts:75:12)", "trace": "self = <mobile_automation_framework.tests.Genius_Meter.create_GM_team.create_genius_team_successfully_tests.TestCreateGMTeamSuccessfully object at 0x7fa4c37e20a0>\n\n    @pytest.mark.run\n    def test_create_GM_team_successfully(self):\n        self.dashboard_page.click_gm_tab()\n        self.gm_page.scroll_GM_screen_to_bottom()\n        time.sleep(3)\n        self.gm_page.click_create_team_tab()\n        self.create_GM_screen.assert_create_team_screen_is_visible()\n        time.sleep(3)\n    \n        # ✅ Generate test data here once\n        data = GM_data.get_random_create_GM_screen_data()\n    \n        # ✅ Pass it to both fill and assert\n>       self.create_GM_screen.fill_create_GM_team_fields(data)\n\ntests/Genius_Meter/create_GM_team/create_genius_team_successfully_tests.py:62: \n_ _ _ _ _ _ _ _ _ _ _ _ _ _ _ _ _ _ _ _ _ _ _ _ _ _ _ _ _ _ _ _ _ _ _ _ _ _ _ _ _ _ _ _ _ _ _ _ _ _ _ _ _ _ _ _ _ _ _ _ _ _ _ _ _ _ _ _ _ _ _ _ _ _ _ _ _ _ _ _ _ _ _ _ _ _ _ _\npages/Genius_Meter/GM_create_team.py:104: in fill_create_GM_team_fields\n    self.send_keys(team_field, test_data[\"team_name_field\"])\npages/base_page.py:33: in send_keys\n    element = self.wait.until(EC.presence_of_element_located(locator))\n_ _ _ _ _ _ _ _ _ _ _ _ _ _ _ _ _ _ _ _ _ _ _ _ _ _ _ _ _ _ _ _ _ _ _ _ _ _ _ _ _ _ _ _ _ _ _ _ _ _ _ _ _ _ _ _ _ _ _ _ _ _ _ _ _ _ _ _ _ _ _ _ _ _ _ _ _ _ _ _ _ _ _ _ _ _ _ _\n\nself = <selenium.webdriver.support.wait.WebDriverWait (session=\"fbc94caf-2e86-48b7-8a7e-7e98f411a9c7\")>\nmethod = <function presence_of_element_located.<locals>._predicate at 0x7fa4c38b7040>, message = ''\n\n    def until(self, method: Callable[[D], Union[Literal[False], T]], message: str = \"\") -> T:\n        \"\"\"Calls the method provided with the driver as an argument until the \\\n        return value does not evaluate to ``False``.\n    \n        :param method: callable(WebDriver)\n        :param message: optional message for :exc:`TimeoutException`\n        :returns: the result of the last call to `method`\n        :raises: :exc:`selenium.common.exceptions.TimeoutException` if timeout occurs\n        \"\"\"\n        screen = None\n        stacktrace = None\n    \n        end_time = time.monotonic() + self._timeout\n        while True:\n            try:\n                value = method(self._driver)\n                if value:\n                    return value\n            except self._ignored_exceptions as exc:\n                screen = getattr(exc, \"screen\", None)\n                stacktrace = getattr(exc, \"stacktrace\", None)\n            if time.monotonic() > end_time:\n                break\n            time.sleep(self._poll)\n>       raise TimeoutException(message, screen, stacktrace)\nE       selenium.common.exceptions.TimeoutException: Message: \nE       Stacktrace:\nE       NoSuchElementError: An element could not be located on the page using the given search parameters.\nE           at XCUITestDriver.doNativeFind (/Users/susannakarapetyan/.appium/node_modules/appium-xcuitest-driver/lib/commands/find.js:143:13)\nE           at processTicksAndRejections (node:internal/process/task_queues:105:5)\nE           at XCUITestDriver.findNativeElementOrElements (/Users/susannakarapetyan/.appium/node_modules/appium-xcuitest-driver/lib/commands/find.js:97:12)\nE           at XCUITestDriver.findElOrEls (/Users/susannakarapetyan/.appium/node_modules/appium-xcuitest-driver/lib/commands/find.js:24:14)\nE           at XCUITestDriver.findElOrElsWithProcessing (/usr/local/lib/node_modules/appium/node_modules/@appium/base-driver/lib/basedriver/commands/find.ts:60:12)\nE           at XCUITestDriver.findElement (/usr/local/lib/node_modules/appium/node_modules/@appium/base-driver/lib/basedriver/commands/find.ts:75:12)\n\n../../Library/Python/3.8/lib/python/site-packages/selenium/webdriver/support/wait.py:105: TimeoutException"}, "attachments": [{"name": "Failure Screenshot", "source": "2b83d988-3473-4ea3-9e8a-90787510e23b-attachment.png", "type": "image/png"}, {"name": "log", "source": "81480421-c92f-4985-a2b4-bac6e1792ade-attachment.txt", "type": "text/plain"}], "start": 1746516300754, "stop": 1746516331804, "uuid": "295cd284-e129-48f9-b4ee-7078d160f81e", "historyId": "8c0331183bb9ad1cb7589b789b473b8f", "testCaseId": "8c0331183bb9ad1cb7589b789b473b8f", "fullName": "tests.Genius_Meter.create_GM_team.create_genius_team_successfully_tests.TestCreateGMTeamSuccessfully#test_create_GM_team_successfully", "labels": [{"name": "tag", "value": "run"}, {"name": "tag", "value": "@pytest.mark.usefixtures('driver')"}, {"name": "parentSuite", "value": "tests.Genius_Meter.create_GM_team"}, {"name": "suite", "value": "create_genius_team_successfully_tests"}, {"name": "subSuite", "value": "TestCreateGMTeamSuccessfully"}, {"name": "host", "value": "Susiks-MacBook-Pro.local"}, {"name": "thread", "value": "4155-MainThread"}, {"name": "framework", "value": "pytest"}, {"name": "language", "value": "cpython3"}, {"name": "package", "value": "tests.Genius_Meter.create_GM_team.create_genius_team_successfully_tests"}]}