{"name": "test_create_GM_team_successfully", "status": "broken", "statusDetails": {"message": "selenium.common.exceptions.TimeoutException: Message: \nStacktrace:\nNoSuchElementError: An element could not be located on the page using the given search parameters.\n    at XCUITestDriver.doNativeFind (/Users/susannakarapetyan/.appium/node_modules/appium-xcuitest-driver/lib/commands/find.js:143:13)\n    at processTicksAndRejections (node:internal/process/task_queues:105:5)\n    at XCUITestDriver.findNativeElementOrElements (/Users/susannakarapetyan/.appium/node_modules/appium-xcuitest-driver/lib/commands/find.js:97:12)\n    at XCUITestDriver.findElOrEls (/Users/susannakarapetyan/.appium/node_modules/appium-xcuitest-driver/lib/commands/find.js:24:14)\n    at XCUITestDriver.findElOrElsWithProcessing (/usr/local/lib/node_modules/appium/node_modules/@appium/base-driver/lib/basedriver/commands/find.ts:60:12)\n    at XCUITestDriver.findElement (/usr/local/lib/node_modules/appium/node_modules/@appium/base-driver/lib/basedriver/commands/find.ts:75:12)", "trace": "self = <mobile_automation_framework.tests.Genius_Meter.create_GM_team.create_genius_team_successfully_tests.TestCreateGMTeamSuccessfully object at 0x7fca4a8e8df0>\n\n    @pytest.mark.run\n    def test_create_GM_team_successfully(self):\n        self.dashboard_page.click_gm_tab()\n        self.gm_page.scroll_GM_screen_to_bottom()\n        time.sleep(5)\n        self.gm_page.click_create_team_tab()\n        self.create_GM_screen.assert_create_team_screen_is_visible()\n        time.sleep(3)\n    \n        # ✅ Generate test data here once\n        data = GM_data.get_random_create_GM_screen_data()\n    \n        # ✅ Pass it to both fill and assert\n        self.create_GM_screen.fill_create_GM_team_fields(data)\n        # self.create_GM_screen.assert_create_GM_fields_filled_correctly(data)\n        self.create_GM_screen.click_on_submit_btn()\n        self.create_GM_Invite_Members_screen_ios.click_add_members_button()\n>       username = self.GM_Invite_find_people_screen_ios.search_user_from_list(\"susanna\")\n\ntests/Genius_Meter/create_GM_team/create_genius_team_successfully_tests.py:74: \n_ _ _ _ _ _ _ _ _ _ _ _ _ _ _ _ _ _ _ _ _ _ _ _ _ _ _ _ _ _ _ _ _ _ _ _ _ _ _ _ _ _ _ _ _ _ _ _ _ _ _ _ _ _ _ _ _ _ _ _ _ _ _ _ _ _ _ _ _ _ _ _ _ _ _ _ _ _ _ _ _ _ _ _ _ _ _ _\npages/Genius_Meter/GM_invite_find_people_list.py:93: in search_user_from_list\n    result_element = WebDriverWait(self.driver, timeout).until(\n_ _ _ _ _ _ _ _ _ _ _ _ _ _ _ _ _ _ _ _ _ _ _ _ _ _ _ _ _ _ _ _ _ _ _ _ _ _ _ _ _ _ _ _ _ _ _ _ _ _ _ _ _ _ _ _ _ _ _ _ _ _ _ _ _ _ _ _ _ _ _ _ _ _ _ _ _ _ _ _ _ _ _ _ _ _ _ _\n\nself = <selenium.webdriver.support.wait.WebDriverWait (session=\"876db61c-3a70-451b-96be-d8ef56908393\")>\nmethod = <function visibility_of_element_located.<locals>._predicate at 0x7fca4a6ad310>, message = ''\n\n    def until(self, method: Callable[[D], Union[Literal[False], T]], message: str = \"\") -> T:\n        \"\"\"Calls the method provided with the driver as an argument until the \\\n        return value does not evaluate to ``False``.\n    \n        :param method: callable(WebDriver)\n        :param message: optional message for :exc:`TimeoutException`\n        :returns: the result of the last call to `method`\n        :raises: :exc:`selenium.common.exceptions.TimeoutException` if timeout occurs\n        \"\"\"\n        screen = None\n        stacktrace = None\n    \n        end_time = time.monotonic() + self._timeout\n        while True:\n            try:\n                value = method(self._driver)\n                if value:\n                    return value\n            except self._ignored_exceptions as exc:\n                screen = getattr(exc, \"screen\", None)\n                stacktrace = getattr(exc, \"stacktrace\", None)\n            if time.monotonic() > end_time:\n                break\n            time.sleep(self._poll)\n>       raise TimeoutException(message, screen, stacktrace)\nE       selenium.common.exceptions.TimeoutException: Message: \nE       Stacktrace:\nE       NoSuchElementError: An element could not be located on the page using the given search parameters.\nE           at XCUITestDriver.doNativeFind (/Users/susannakarapetyan/.appium/node_modules/appium-xcuitest-driver/lib/commands/find.js:143:13)\nE           at processTicksAndRejections (node:internal/process/task_queues:105:5)\nE           at XCUITestDriver.findNativeElementOrElements (/Users/susannakarapetyan/.appium/node_modules/appium-xcuitest-driver/lib/commands/find.js:97:12)\nE           at XCUITestDriver.findElOrEls (/Users/susannakarapetyan/.appium/node_modules/appium-xcuitest-driver/lib/commands/find.js:24:14)\nE           at XCUITestDriver.findElOrElsWithProcessing (/usr/local/lib/node_modules/appium/node_modules/@appium/base-driver/lib/basedriver/commands/find.ts:60:12)\nE           at XCUITestDriver.findElement (/usr/local/lib/node_modules/appium/node_modules/@appium/base-driver/lib/basedriver/commands/find.ts:75:12)\n\n../../Library/Python/3.8/lib/python/site-packages/selenium/webdriver/support/wait.py:105: TimeoutException"}, "start": 1746800430709, "stop": 1746800534173, "uuid": "0969e87c-67d3-46c6-8714-fb0832decb06", "testCaseId": "8c0331183bb9ad1cb7589b789b473b8f", "fullName": "tests.Genius_Meter.create_GM_team.create_genius_team_successfully_tests.TestCreateGMTeamSuccessfully#test_create_GM_team_successfully"}